"../../../../unreal projects/immversenew/Content/2019-05-05_00-01-58.uasset" 0
"../../../../unreal projects/immversenew/Content/M_Ground_Grass.uasset" 1
"../../../Engine/Content/Functions/Engine_MaterialFunctions02/Utility/BlendAngleCorrectedNormals.uasset" 2
"../../../../unreal projects/immversenew/Content/T_Water_M.uasset" 3
"../../../../unreal projects/immversenew/Content/T_Water_N.uasset" 4
"../../../../unreal projects/immversenew/Content/M_Water_Ocean.uasset" 5
"../../../../unreal projects/immversenew/Content/environment.uasset" 6
"../../../../unreal projects/immversenew/Content/NewMaterialInstanceConstant.uasset" 7
"../../../../unreal projects/immversenew/Content/VirtualReality/Mannequin/Character/Mesh/MannequinHand_Right_Skeleton.uasset" 8
"../../../../unreal projects/immversenew/Content/VirtualReality/Mannequin/Animations/MannequinHand_Right_CanGrab.uasset" 9
"../../../../unreal projects/immversenew/Content/VirtualReality/Mannequin/Animations/MannequinHand_Right_Grab.uasset" 10
"../../../../unreal projects/immversenew/Content/VirtualReality/Mannequin/Animations/MannequinHand_Right_Open.uasset" 11
"../../../../unreal projects/immversenew/Content/VirtualReality/Mannequin/Animations/RightGrip_BS.uasset" 12
"../../../../unreal projects/immversenew/Content/VirtualRealityBP/Blueprints/GripEnum.uasset" 13
"../../../../unreal projects/immversenew/Content/VirtualReality/Mannequin/Animations/RightHand_AnimBP.uasset" 14
"../../../Engine/Content/EditorBlueprintResources/StandardMacros.uasset" 15
"../../../../unreal projects/immversenew/Content/VirtualRealityBP/Blueprints/PickupActorInterface.uasset" 16
"../../../../unreal projects/immversenew/Content/VirtualRealityBP/Blueprints/MotionControllerHaptics.uasset" 17
"../../../Engine/Content/Functions/Engine_MaterialFunctions02/Utility/BreakOutFloat2Components.uasset" 18
"../../../Engine/Content/Functions/Engine_MaterialFunctions01/Texturing/ScaleUVsByCenter.uasset" 19
"../../../Engine/Content/Functions/Engine_MaterialFunctions02/ScreenResolution.uasset" 20
"../../../Engine/Content/Functions/Engine_MaterialFunctions02/Texturing/ScreenAlignedUVs.uasset" 21
"../../../Engine/Content/Functions/Engine_MaterialFunctions02/Utility/CameraDirectionVector.uasset" 22
"../../../Engine/Content/Functions/Engine_MaterialFunctions02/Utility/DepthFromWorldPosition.uasset" 23
"../../../../unreal projects/immversenew/Content/VirtualReality/Materials/MF_OccludedPixels.uasset" 24
"../../../../unreal projects/immversenew/Content/VirtualReality/Materials/TeleportMCP.uasset" 25
"../../../Engine/Content/EngineMaterials/Good64x64TilingNoiseHighFreq.uasset" 26
"../../../../unreal projects/immversenew/Content/VirtualReality/Materials/M_ArcEndpoint.uasset" 27
"../../../../unreal projects/immversenew/Content/VirtualReality/Materials/M_SplineArcMat.uasset" 28
"../../../../unreal projects/immversenew/Content/VirtualReality/Materials/M_TeleportPreviews.uasset" 29
"../../../../unreal projects/immversenew/Content/VirtualReality/Materials/MI_ChaperoneOutline.uasset" 30
"../../../../unreal projects/immversenew/Content/VirtualReality/Materials/MI_TeleportCylinderPreview.uasset" 31
"../../../Engine/Content/Functions/Engine_MaterialFunctions01/Opacity/CameraDepthFade.uasset" 32
"../../../Engine/Content/EngineMaterials/T_Default_Material_Grid_M.uasset" 33
"../../../Engine/Content/EngineMaterials/T_Default_Material_Grid_N.uasset" 34
"../../../Engine/Content/EngineMaterials/DefaultMaterial.uasset" 35
"../../../Engine/Content/BasicShapes/Cylinder.uasset" 36
"../../../Engine/Content/BasicShapes/Sphere.uasset" 37
"../../../../unreal projects/immversenew/Content/VirtualReality/Mannequin/Character/Textures/UE4_Mannequin__normals.uasset" 38
"../../../../unreal projects/immversenew/Content/VirtualReality/Mannequin/Character/Textures/UE4_Mannequin_MAT_MASKA.uasset" 39
"../../../../unreal projects/immversenew/Content/VirtualReality/Mannequin/Character/Materials/M_HandMat.uasset" 40
"../../../../unreal projects/immversenew/Content/VirtualReality/Mannequin/Character/Mesh/MannequinHand_Right_PhysicsAsset.uasset" 41
"../../../../unreal projects/immversenew/Content/VirtualReality/Mannequin/Character/Mesh/MannequinHand_Right.uasset" 42
"../../../Engine/Content/EngineMaterials/WorldGridMaterial.uasset" 43
"../../../../unreal projects/immversenew/Content/VirtualReality/Meshes/1x1_cube.uasset" 44
"../../../../unreal projects/immversenew/Content/VirtualReality/Meshes/BeaconDirection.uasset" 45
"../../../../unreal projects/immversenew/Content/VirtualReality/Meshes/BeamMesh.uasset" 46
"../../../../unreal projects/immversenew/Content/VirtualReality/Meshes/SM_FatCylinder.uasset" 47
"../../../../unreal projects/immversenew/Content/VirtualRealityBP/Blueprints/BP_MotionController.uasset" 48
"../../../../unreal projects/immversenew/Content/VirtualRealityBP/Blueprints/MotionControllerPawn.uasset" 49
"../../../../unreal projects/immversenew/Content/Blueprints/NewPawn.uasset" 50
"../../../Engine/Content/Animation/DefaultAnimCurveCompressionSettings.uasset" 51
"../../../Engine/Content/ArtTools/RenderToTexture/Meshes/S_1_Unit_Plane.uasset" 52
"../../../Engine/Content/BasicShapes/Cone.uasset" 53
"../../../Engine/Content/BasicShapes/Cube.uasset" 54
"../../../Engine/Content/EditorLandscapeResources/DataLayer.uasset" 55
"../../../Engine/Content/EditorMaterials/GizmoMaterial.uasset" 56
"../../../Engine/Content/EditorMaterials/MAT_Groups_Toggle.uasset" 57
"../../../Engine/Content/EditorMaterials/MAT_Groups_Visibility.uasset" 58
"../../../Engine/Content/EditorMaterials/PreviewShadowIndicator.uasset" 59
"../../../Engine/Content/EditorMaterials/PreviewShadowIndicatorMaterial.uasset" 60
"../../../Engine/Content/EditorMaterials/MatineeGroups/MAT_ColorTrack.uasset" 61
"../../../Engine/Content/EditorMaterials/MatineeGroups/MAT_Groups_Anim.uasset" 62
"../../../Engine/Content/EditorMaterials/MatineeGroups/MAT_Groups_AudioMaster.uasset" 63
"../../../Engine/Content/EditorMaterials/MatineeGroups/MAT_Groups_Director.uasset" 64
"../../../Engine/Content/EditorMaterials/MatineeGroups/MAT_Groups_Event.uasset" 65
"../../../Engine/Content/EditorMaterials/MatineeGroups/MAT_Groups_Fade.uasset" 66
"../../../Engine/Content/EditorMaterials/MatineeGroups/MAT_Groups_Float.uasset" 67
"../../../Engine/Content/EditorMaterials/MatineeGroups/MAT_Groups_Move.uasset" 68
"../../../Engine/Content/EditorMaterials/MatineeGroups/MAT_Groups_Slomo.uasset" 69
"../../../Engine/Content/EditorMaterials/MatineeGroups/MAT_Groups_Sound.uasset" 70
"../../../Engine/Content/EditorMaterials/MatineeGroups/MAT_Groups_Vector.uasset" 71
"../../../Engine/Content/EditorMaterials/ParticleSystems/PSysThumbnail_NoImage.uasset" 72
"../../../Engine/Content/EditorMaterials/ParticleSystems/PSysThumbnail_OOD.uasset" 73
"../../../Engine/Content/EditorMaterials/Camera/CineMat.uasset" 74
"../../../Engine/Content/EditorMaterials/Camera/MI_CineMat_Rig.uasset" 75
"../../../Engine/Content/EditorMeshes/Camera/SM_CraneRig_Arm.uasset" 76
"../../../Engine/Content/EditorMeshes/Camera/SM_CraneRig_Base.uasset" 77
"../../../Engine/Content/EditorMeshes/Camera/SM_CraneRig_Body.uasset" 78
"../../../Engine/Content/EditorMeshes/Camera/SM_CraneRig_Mount.uasset" 79
"../../../Engine/Content/EditorMeshes/Camera/SM_RailRig_Mount.uasset" 80
"../../../Engine/Content/EditorMeshes/Camera/SM_RailRig_Track.uasset" 81
"../../../Engine/Content/EditorResources/BSPVertex.uasset" 82
"../../../Engine/Content/EditorResources/EmptyActor.uasset" 83
"../../../Engine/Content/EditorResources/S_Actor.uasset" 84
"../../../Engine/Content/EditorResources/S_Note.uasset" 85
"../../../Engine/Content/EditorResources/S_Trigger.uasset" 86
"../../../Engine/Content/EditorResources/AudioIcons/S_AudioComponent_AutoActivate.uasset" 87
"../../../Engine/Content/EditorResources/LightIcons/S_LightError.uasset" 88
"../../../Engine/Content/EditorResources/SequenceRecorder/Countdown.uasset" 89
"../../../Engine/Content/EditorResources/SequenceRecorder/RecordingIndicator.uasset" 90
"../../../Engine/Content/EditorSounds/Notifications/CompileFailed.uasset" 91
"../../../Engine/Content/EditorSounds/Notifications/CompileFailed_Cue.uasset" 92
"../../../Engine/Content/EditorSounds/Notifications/CompileSuccess.uasset" 93
"../../../Engine/Content/EditorSounds/Notifications/CompileStart_Cue.uasset" 94
"../../../Engine/Content/EditorSounds/Notifications/CompileSuccess_Cue.uasset" 95
"../../../Engine/Content/EngineDamageTypes/DmgTypeBP_Environmental.uasset" 96
"../../../Engine/Content/EngineDebugMaterials/HeatmapGradient.uasset" 97
"../../../Engine/Content/EngineDebugMaterials/BoneWeightMaterial.uasset" 98
"../../../Engine/Content/EngineDebugMaterials/ClothMaterial.uasset" 99
"../../../Engine/Content/EngineDebugMaterials/ClothMaterial_WF.uasset" 100
"../../../Engine/Content/EngineDebugMaterials/DebugEditorMaterial.uasset" 101
"../../../Engine/Content/EngineDebugMaterials/DebugMeshMaterial.uasset" 102
"../../../Engine/Content/EngineDebugMaterials/GeomMaterial.uasset" 103
"../../../Engine/Content/EngineDebugMaterials/M_SimpleTranslucent.uasset" 104
"../../../Engine/Content/EngineFonts/Faces/RobotoBold.uasset" 105
"../../../Engine/Content/EngineFonts/Faces/RobotoBoldItalic.uasset" 106
"../../../Engine/Content/EngineFonts/Faces/RobotoItalic.uasset" 107
"../../../Engine/Content/EngineFonts/Faces/RobotoLight.uasset" 108
"../../../Engine/Content/EngineFonts/Faces/RobotoRegular.uasset" 109
"../../../Engine/Content/EngineFonts/Roboto.uasset" 110
"../../../Engine/Content/EngineFonts/Faces/RobotoTiny.uasset" 111
"../../../Engine/Content/EngineFonts/RobotoTiny.uasset" 112
"../../../Engine/Content/EngineMaterials/BaseFlattenDiffuseMap.uasset" 113
"../../../Engine/Content/EngineMaterials/BaseFlattenEmissiveMap.uasset" 114
"../../../Engine/Content/EngineMaterials/BaseFlattenGrayscaleMap.uasset" 115
"../../../Engine/Content/EngineMaterials/BaseFlattenNormalMap.uasset" 116
"../../../Engine/Content/EngineMaterials/BaseFlattenMaterial.uasset" 117
"../../../Engine/Content/EngineMaterials/DefaultBloomKernel.uasset" 118
"../../../Engine/Content/EngineMaterials/DefaultBokeh.uasset" 119
"../../../Engine/Content/EngineMaterials/DefaultDiffuse.uasset" 120
"../../../Engine/Content/EngineMaterials/DefaultDeferredDecalMaterial.uasset" 121
"../../../Engine/Content/EngineMaterials/DefaultLightFunctionMaterial.uasset" 122
"../../../Engine/Content/EngineMaterials/DefaultPhysicalMaterial.uasset" 123
"../../../Engine/Content/EngineMaterials/DefaultPostProcessMaterial.uasset" 124
"../../../Engine/Content/EngineFonts/RobotoDistanceField.uasset" 125
"../../../Engine/Content/EngineMaterials/DefaultTextMaterialOpaque.uasset" 126
"../../../Engine/Content/EngineMaterials/DefaultWhiteGrid.uasset" 127
"../../../Engine/Content/EngineMaterials/EditorBrushMaterial.uasset" 128
"../../../Engine/Content/EngineMaterials/MiniFont.uasset" 129
"../../../Engine/Content/EngineMaterials/InvalidLightmapSettings.uasset" 130
"../../../Engine/Content/EngineMaterials/M_InvalidLightmapSettings.uasset" 131
"../../../Engine/Content/Functions/Engine_MaterialFunctions02/WorldPositionOffset/CameraOffset.uasset" 132
"../../../Engine/Content/EngineMaterials/PhAT_JointLimitMaterial.uasset" 133
"../../../Engine/Content/EngineMaterials/PreintegratedSkinBRDF.uasset" 134
"../../../Engine/Content/EngineMaterials/RemoveSurfaceMaterial.uasset" 135
"../../../Engine/Content/EngineMaterials/WeightMapPlaceholderTexture.uasset" 136
"../../../Engine/Content/EngineResources/WhiteSquareTexture.uasset" 137
"../../../Engine/Content/EngineMaterials/Widget3DPassThrough.uasset" 138
"../../../Engine/Content/EngineMaterials/Widget3DPassThrough_Masked.uasset" 139
"../../../Engine/Content/EngineMaterials/Widget3DPassThrough_Opaque.uasset" 140
"../../../Engine/Content/EngineMaterials/Widget3DPassThrough_Masked_OneSided.uasset" 141
"../../../Engine/Content/EngineMaterials/Widget3DPassThrough_Opaque_OneSided.uasset" 142
"../../../Engine/Content/EngineMaterials/Widget3DPassThrough_Translucent.uasset" 143
"../../../Engine/Content/EngineMaterials/Widget3DPassThrough_Translucent_OneSided.uasset" 144
"../../../Engine/Content/EngineMeshes/Cylinder.uasset" 145
"../../../Engine/Content/EngineMeshes/Sphere.uasset" 146
"../../../Engine/Content/EngineResources/Black.uasset" 147
"../../../Engine/Content/EngineResources/DefaultTexture.uasset" 148
"../../../Engine/Content/EngineResources/DefaultTextureCube.uasset" 149
"../../../Engine/Content/EngineResources/DefaultVolumeTexture2D.uasset" 150
"../../../Engine/Content/EngineResources/DefaultVolumeTexture.uasset" 151
"../../../Engine/Content/EngineResources/GradientTexture0.uasset" 152
"../../../Engine/Content/EngineSounds/Master.uasset" 153
"../../../Engine/Content/Functions/Engine_MaterialFunctions01/Shading/ConvertFromDiffSpec.uasset" 154
"../../../Engine/Content/Functions/Engine_MaterialFunctions01/Shading/PowerToRoughness.uasset" 155
"../../../Engine/Content/Maps/Templates/Thumbnails/Default.uasset" 156
"../../../Engine/Content/Maps/Templates/Thumbnails/VR-Basic.uasset" 157
"../../../Engine/Content/MobileResources/T_MobileControls_texture.uasset" 158
"../../../Engine/Content/MobileResources/T_MobileMenu2.uasset" 159
"../../../Engine/Content/MobileResources/HUD/AnalogHat.uasset" 160
"../../../Engine/Content/MobileResources/HUD/VirtualJoystick_Background.uasset" 161
"../../../Engine/Content/MobileResources/HUD/VirtualJoystick_Thumb.uasset" 162
"../../../Engine/Content/MobileResources/HUD/DefaultVirtualJoysticks.uasset" 163
"../../../Engine/Content/MobileResources/HUD/LeftVirtualJoystickOnly.uasset" 164
"../../../Engine/Content/MobileResources/HUD/MobileHUDButton1_off.uasset" 165
"../../../Engine/Content/MobileResources/HUD/MobileHUDButton1_on.uasset" 166
"../../../Engine/Content/MobileResources/HUD/MobileHUDButton2_off.uasset" 167
"../../../Engine/Content/MobileResources/HUD/MobileHUDButton2_on.uasset" 168
"../../../Engine/Content/MobileResources/HUD/MobileHUDButton3.uasset" 169
"../../../Engine/Content/MobileResources/HUD/MobileHUDButtonFire.uasset" 170
"../../../Engine/Content/MobileResources/HUD/MobileHUDDirectionPad.uasset" 171
"../../../Engine/Content/MobileResources/HUD/MobileHUDDirectionPad2.uasset" 172
"../../../Engine/Content/MobileResources/HUD/MobileHUDDirectionPad3.uasset" 173
"../../../Engine/Content/MobileResources/HUD/MobileHUDDirectionStick.uasset" 174
"../../../Engine/Content/MobileResources/HUD/T_Castle_ThumbstickInner.uasset" 175
"../../../Engine/Content/MobileResources/HUD/T_Castle_ThumbstickOutter.uasset" 176
"../../../Engine/Content/Tutorial/ContentIntroCurve.uasset" 177
"../../../Engine/Content/Tutorial/Basics/LevelEditorAttract.uasset" 178
"../../../Engine/Content/VREditor/LaserPointer/VR_LaserPower_01.uasset" 179
"../../../Engine/Content/VREditor/TransformGizmo/TransformGizmoMaterial.uasset" 180
"../../../Engine/Content/VREditor/TransformGizmo/TranslucentTransformGizmoMaterial.uasset" 181
"../../../Engine/Content/VREditor/TransformGizmo/BoundingBoxCorner.uasset" 182
"../../../Engine/Content/VREditor/TransformGizmo/BoundingBoxEdge.uasset" 183
"../../../Engine/Content/VREditor/TransformGizmo/PlaneTranslationHandle.uasset" 184
"../../../Engine/Content/VREditor/TransformGizmo/Main.uasset" 185
"../../../Engine/Content/VREditor/TransformGizmo/Xray.uasset" 186
"../../../Engine/Content/VREditor/TransformGizmo/SM_Sequencer_Key.uasset" 187
"../../../Engine/Content/VREditor/TransformGizmo/SM_Sequencer_Node.uasset" 188
"../../Plugins/2D/Paper2D/Content/PlaceholderTextures/DummySpriteTexture.uasset" 189
"../../Plugins/2D/Paper2D/Content/DummySprite.uasset" 190
"../../Plugins/2D/Paper2D/Content/DefaultPaperTerrainMaterial.uasset" 191
"../../Plugins/2D/Paper2D/Content/DummySpriteTexture.uasset" 192
"../../Plugins/2D/Paper2D/Content/DefaultSpriteMaterial.uasset" 193
"../../Plugins/2D/Paper2D/Content/MaskedUnlitSpriteMaterial.uasset" 194
"../../Plugins/2D/Paper2D/Content/OpaqueUnlitSpriteMaterial.uasset" 195
"../../Plugins/Runtime/Oculus/OculusVR/Content/OculusMR_RenderTarget.uasset" 196
"../../../Engine/Content/Functions/Engine_MaterialFunctions02/Utility/BreakOutFloat4Components.uasset" 197
"../../../Engine/Content/Functions/Engine_MaterialFunctions02/Utility/MakeFloat2.uasset" 198
"../../../Engine/Content/Functions/Engine_MaterialFunctions02/Utility/MakeFloat3.uasset" 199
"../../Plugins/Runtime/Oculus/OculusVR/Content/Materials/OculusMR_ChromaKey.uasset" 200
"../../Plugins/Runtime/Oculus/OculusVR/Content/Materials/OculusMR_ChromaKey_Lit.uasset" 201
"../../Plugins/Runtime/Oculus/OculusVR/Content/Materials/OculusMR_OpaqueColoredMaterial.uasset" 202
"../../Plugins/Runtime/Oculus/OculusVR/Content/Materials/OculusMR_WhiteMaterial.uasset" 203
"../../Plugins/Runtime/Oculus/OculusVR/Content/Materials/PokeAHoleMaterial.uasset" 204
"../../Plugins/Runtime/Oculus/OculusVR/Content/Textures/GearVRController_AO.uasset" 205
"../../Plugins/Runtime/Oculus/OculusVR/Content/Textures/GearVRController_Color.uasset" 206
"../../Plugins/Runtime/Oculus/OculusVR/Content/Textures/GearVRController_Normal.uasset" 207
"../../Plugins/Runtime/Oculus/OculusVR/Content/Materials/GearVRControllerMaterial.uasset" 208
"../../Plugins/Runtime/Oculus/OculusVR/Content/Meshes/GearVrController.uasset" 209
"../../Plugins/Runtime/Oculus/OculusVR/Content/Textures/touchController_albedo.uasset" 210
"../../Plugins/Runtime/Oculus/OculusVR/Content/Textures/touchController_controlmap.uasset" 211
"../../Plugins/Runtime/Oculus/OculusVR/Content/Materials/touchController_mat.uasset" 212
"../../Plugins/Runtime/Oculus/OculusVR/Content/Meshes/LeftTouchController.uasset" 213
"../../Plugins/Runtime/Oculus/OculusVR/Content/Meshes/RiftHMD.uasset" 214
"../../Plugins/Runtime/Oculus/OculusVR/Content/Meshes/RightTouchController.uasset" 215
"../../../Engine/Content/EngineSky/C_Sky_Cloud_Color.uasset" 216
"../../../Engine/Content/EngineSky/C_Sky_Horizon_Color.uasset" 217
"../../../Engine/Content/EngineSky/C_Sky_Zenith_Color.uasset" 218
"../../../Engine/Content/EngineSky/T_Sky_Blue.uasset" 219
"../../../Engine/Content/EngineSky/T_Sky_Clouds_M.uasset" 220
"../../../Engine/Content/EngineSky/T_Sky_Stars.uasset" 221
"../../../Engine/Content/EngineSky/M_Sky_Panning_Clouds2.uasset" 222
"../../../Engine/Content/EngineSky/SM_SkySphere.uasset" 223
"../../../Engine/Content/EngineSky/BP_Sky_Sphere.uasset" 224
"../../../../unreal projects/immversenew/Content/mainmap_BuiltData.uasset" 225
"../../../Engine/Content/MapTemplates/SM_Template_Map_Floor.uasset" 226
"../../../../unreal projects/immversenew/Content/mainmap.umap" 227
"../../../../unreal projects/immversenew/Content/Blueprints/NewGameMode.uasset" 228
"../../../../unreal projects/immversenew/Content/initialShadingGroup.uasset" 229
"../../../../unreal projects/immversenew/Content/qub.uasset" 230
"../../../../unreal projects/immversenew/Content/qub_Blueprint.uasset" 231
"../../../../unreal projects/immversenew/Content/spherewallclear.uasset" 232
"../../../../unreal projects/immversenew/Content/spherewall.uasset" 233
"../../../../unreal projects/immversenew/Content/wallinstance.uasset" 234
"../../../../unreal projects/immversenew/Content/thesphere.uasset" 235
"../../../../unreal projects/immversenew/Content/tri.uasset" 236
"../../../../unreal projects/immversenew/Content/tri_Blueprint.uasset" 237
"../../../../unreal projects/immversenew/Content/newmap_BuiltData.uasset" 238
"../../../Engine/Content/BasicShapes/BasicShapeMaterial.uasset" 239
"../../../../unreal projects/immversenew/Content/lamp.uasset" 240
"../../../../unreal projects/immversenew/Content/NewMaterialInstanceConstant1.uasset" 241
"../../../Engine/Content/BasicShapes/Plane.uasset" 242
"../../../../unreal projects/immversenew/Content/orb.uasset" 243
"../../../../unreal projects/immversenew/Content/newmap.umap" 244
"../../../../unreal projects/immversenew/Content/VirtualRealityBP/Blueprints/HMDLocomotionPawn.uasset" 245
"../../../../unreal projects/immversenew/Content/VirtualRealityBP/Maps/HMDLocomotionMap_BuiltData.uasset" 246
"../../../../unreal projects/immversenew/Content/VirtualReality/Materials/M_BaseMaterial.uasset" 247
"../../../../unreal projects/immversenew/Content/VirtualReality/Materials/MI_BaseMaterial2.uasset" 248
"../../../../unreal projects/immversenew/Content/VirtualReality/Materials/MI_BaseMaterial3.uasset" 249
"../../../../unreal projects/immversenew/Content/VirtualRealityBP/Maps/HMDLocomotionMap.umap" 250
"../../../../unreal projects/immversenew/Content/VirtualReality/Materials/MI_SmallCubes.uasset" 251
"../../../../unreal projects/immversenew/Content/VirtualRealityBP/Blueprints/BP_PickupCube.uasset" 252
"../../../../unreal projects/immversenew/Content/VirtualRealityBP/Maps/MotionControllerMap_BuiltData.uasset" 253
"../../../../unreal projects/immversenew/Content/VirtualRealityBP/Maps/MotionControllerMap.umap" 254
"../../../../unreal projects/immversenew/Content/VirtualRealityBP/Maps/StartupMap_BuiltData.uasset" 255
"../../../../unreal projects/immversenew/Content/VirtualReality/Materials/GenericHMDMaterial.uasset" 256
"../../../Engine/Content/MapTemplates/Sky/DaylightAmbientCubemap.uasset" 257
"../../../../unreal projects/immversenew/Content/VirtualReality/Meshes/GenericHMD.uasset" 258
"../../../../unreal projects/immversenew/Content/VirtualRealityBP/Maps/StartupMap.umap" 259
"../../../Engine/Content/Maps/Entry_BuiltData.uasset" 260
"../../../Engine/Content/Maps/Entry.umap" 261
